<?xml version="1.0" encoding="UTF-8"?>
<testng-results skipped="0" failed="0" total="1" passed="1">
  <reporter-output>
  </reporter-output>
  <suite name="Default suite" duration-ms="19" started-at="2020-11-21T02:47:05Z" finished-at="2020-11-21T02:47:05Z">
    <groups>
    </groups>
    <test name="Default test" duration-ms="19" started-at="2020-11-21T02:47:05Z" finished-at="2020-11-21T02:47:05Z">
      <class name="com.learning.examples.Paths.PathToFile">
        <test-method status="PASS" signature="givenPathString_whenCreatesPathObject_thenCorrect()[pri:0, instance:com.learning.examples.Paths.PathToFile@64d7f7e0]" name="givenPathString_whenCreatesPathObject_thenCorrect" duration-ms="9" started-at="2020-11-21T08:17:05Z" finished-at="2020-11-21T08:17:05Z">
          <reporter-output>
          </reporter-output>
        </test-method> <!-- givenPathString_whenCreatesPathObject_thenCorrect -->
      </class> <!-- com.learning.examples.Paths.PathToFile -->
    </test> <!-- Default test -->
  </suite> <!-- Default suite -->
</testng-results>
